english	540
spanish	134
arabic	84
french	60
mandarin	56
dutch	46
portuguese	45
russian	44
korean	43
german	34
polish	31
italian	30
turkish	30
macedonian	25
japanese	24
cantonese	21
romanian	20
farsi	19
serbian	18
vietnamese	17
amharic	17
bulgarian	17
swedish	17
hindi	15
greek	15
urdu	13
bengali	13
thai	13
tagalog	13
nepali	11
pashto	10
ukrainian	10
kurdish	10
albanian	9
bosnian	9
kiswahili	9
hausa	9
mongolian	9
hebrew	9
indonesian	8
hungarian	8
czech	8
gujarati	8
armenian	8
danish	8
punjabi	8
finnish	7
taiwanese	7
tigrigna	7
croatian	7
khmer	7
somali	6
haitian creole french	6
wolof	6
lithuanian	6
norwegian	6
ga	5
dari	5
yiddish	5
krio	5
sinhalese	5
afrikaans	5
slovak	5
georgian	5
bambara	5
tamil	5
malay	5
catalan	4
kikuyu	4
estonian	4
vlaams	4
yoruba	4
malayalam	4
swiss german	4
jamaican creole english	3
icelandic	3
fanti	3
marathi	3
ibibio	3
igbo	3
uyghur	3
uzbek	3
latvian	3
xiang	3
tibetan	3
twi	3
pulaar	3
kambaata	3
azerbaijani	3
fijian	3
kazakh	3
oromo	3
quechua	2
belarusan	2
oriya	2
papiamentu	2
garifuna	2
chaldean	2
tswana	2
amazigh	2
luo	2
basque	2
bari	2
shona	2
ngemba	2
ganda	2
filipino	2
telugu	2
bafang	2
gusii	2
hawai'i creole english	2
bavarian	2
slovenian	2
ewe	2
kikongo	2
lao	2
mauritian	2
mende	2
maltese	2
satawalese	2
burmese	2
rotuman	2
hadiyya	2
sicilian	1
mandinka	1
pohnpeian	1
sardinian	1
lamotrekese	1
edo	1
yakut	1
sesotho	1
kalanga	1
newari	1
rwanda	1
jola	1
taishan	1
agni	1
nandi	1
sarua	1
nama	1
fulfulde adamawa	1
sinhala	1
sundanese	1
ebira	1
ife	1
faroese	1
temne	1
hindko	1
hakka	1
mankanya	1
yapese	1
kirghiz	1
poonchi	1
fang	1
sylheti	1
malagasy	1
hainanese	1
balanta ganja	1
lamaholot	1
luxembourgeois	1
wu	1
kru	1
cameroon creole english	1
xasonga	1
bamun	1
lingala	1
chamorro	1
bai	1
tatar	1
mandingo	1
chittagonian	1
tetun-dili	1
carolinian	1
sa'a	1
shilluk	1
ilonggo	1
gan	1
chichewa	1
cebuano	1
gedeo	1
northern sotho	1
teochew	1
dinka	1
irish	1
moore	1
akan	1
kannada	1
kabyle	1
susu	1
zulu	1
yupik	1
fataluku	1
baga	1
konkani	1
sindhi	1
nuer	1
tok pisin	1
mortlockese	1
turkmen	1
liberian pidgin english	1
kanuri	1
moba	1
serer	1
frisian	1
rundi	1
